<?xml version="1.0" encoding="UTF-8"?>
<!-- Generated by org.testng.reporters.JUnitXMLReporter -->
<testsuite ignored="7" hostname="ES-LAPTOP-680" failures="0" tests="3" name="Test" time="0.095" errors="0" timestamp="2023-10-10T08:51:25 IST">
  <testcase classname="TestNG.GroupsExcecution" name="login1" time="0.01"/>
  <testcase classname="TestNG.GroupsExcecution" name="login2" time="0.001"/>
  <testcase classname="TestNG.GroupsExcecution" name="logout1" time="0.002"/>
  <testcase classname="TestNG.BeforeAfterAnotations" name="login" time="0.0">
    <ignored/>
  </testcase> <!-- login -->
  <testcase classname="TestNG.SampleTestNG1" name="HelloWord" time="0.0">
    <ignored/>
  </testcase> <!-- HelloWord -->
  <testcase classname="TestNG.GroupsExcecution" name="logout2" time="0.0">
    <ignored/>
  </testcase> <!-- logout2 -->
  <testcase classname="TestNG.SoftAssertion" name="GetTitle" time="0.0">
    <ignored/>
  </testcase> <!-- GetTitle -->
  <testcase classname="TestNG.BeforeAfterAnotations" name="logout" time="0.0">
    <ignored/>
  </testcase> <!-- logout -->
  <testcase classname="TestNG.Assertions" name="GetTitle" time="0.0">
    <ignored/>
  </testcase> <!-- GetTitle -->
  <testcase classname="TestNG.SampleTestNG1" name="HelloJava" time="0.0">
    <ignored/>
  </testcase> <!-- HelloJava -->
</testsuite> <!-- Test -->
