<?xml version="1.0" encoding="UTF-8"?>
<!-- Generated by org.testng.reporters.JUnitXMLReporter -->
<testsuite ignored="0" hostname="ES-LAPTOP-680" failures="1" tests="1" name="Rerun launch app failed test" time="6.102" errors="0" timestamp="2023-10-13T13:55:16 IST">
  <testcase classname="TestNG.ReRun_FailedTest1" name="launchapp" time="6.067">
    <failure type="java.lang.AssertionError" message="expected [true] but found [false]">
      <![CDATA[java.lang.AssertionError: expected [true] but found [false]
at TestNG.ReRun_FailedTest1.launchapp(ReRun_FailedTest1.java:15)
at java.base/java.util.ArrayList.forEach(ArrayList.java:1511)
... Removed 31 stack frames]]>
    </failure>
  </testcase> <!-- launchapp -->
</testsuite> <!-- Rerun launch app failed test -->
