<?xml version="1.0" encoding="UTF-8"?>
<!-- Generated by org.testng.reporters.JUnitXMLReporter -->
<testsuite ignored="0" hostname="ES-LAPTOP-680" failures="0" tests="4" name="GRP-BVT,Smoke" time="0.079" errors="0" timestamp="2023-10-09T13:30:51 IST">
  <testcase classname="TestNG.GroupsExcecution" name="login1" time="0.007"/>
  <testcase classname="TestNG.GroupsExcecution" name="login2" time="0.002"/>
  <testcase classname="TestNG.GroupsExcecution" name="logout1" time="0.002"/>
  <testcase classname="TestNG.GroupsExcecution" name="logout2" time="0.002"/>
</testsuite> <!-- GRP-BVT,Smoke -->
