<?xml version="1.0" encoding="UTF-8"?>
<!-- Generated by org.testng.reporters.JUnitXMLReporter -->
<testsuite ignored="2" hostname="ES-LAPTOP-680" failures="0" tests="4" name="GRP-BVT" time="0.068" errors="0" timestamp="2023-10-10T14:52:35 IST">
  <testcase classname="TestNG.GroupsExcecution" name="login1" time="0.005"/>
  <testcase classname="TestNG.GroupsExcecution" name="login2" time="0.001"/>
  <testcase classname="TestNG.GroupsExcecution" name="logout1" time="0.002"/>
  <testcase classname="TestNG.BeforeAfterAnotations" name="login" time="0.001"/>
  <testcase classname="TestNG.BeforeAfterAnotations" name="logout" time="0.0">
    <ignored/>
  </testcase> <!-- logout -->
  <testcase classname="TestNG.GroupsExcecution" name="logout2" time="0.0">
    <ignored/>
  </testcase> <!-- logout2 -->
</testsuite> <!-- GRP-BVT -->
