<?xml version="1.0" encoding="UTF-8"?>
<!-- Generated by org.testng.reporters.JUnitXMLReporter -->
<testsuite ignored="2" hostname="ES-LAPTOP-680" failures="0" tests="2" name="GRP-E2E" time="0.071" errors="0" timestamp="2023-10-09T13:29:11 IST">
  <testcase classname="TestNG.GroupsExcecution" name="login2" time="0.009"/>
  <testcase classname="TestNG.GroupsExcecution" name="logout2" time="0.002"/>
  <testcase classname="TestNG.GroupsExcecution" name="logout1" time="0.0">
    <ignored/>
  </testcase> <!-- logout1 -->
  <testcase classname="TestNG.GroupsExcecution" name="login1" time="0.0">
    <ignored/>
  </testcase> <!-- login1 -->
</testsuite> <!-- GRP-E2E -->
