<?xml version="1.0" encoding="UTF-8"?>
<!-- Generated by org.testng.reporters.JUnitXMLReporter -->
<testsuite ignored="0" hostname="ES-LAPTOP-680" failures="0" tests="10" name="Test" time="23.077" errors="0" timestamp="2023-10-10T08:49:25 IST">
  <testcase classname="TestNG.SampleTestNG1" name="HelloJava" time="0.004"/>
  <testcase classname="TestNG.SampleTestNG1" name="HelloWord" time="0.0"/>
  <testcase classname="TestNG.GroupsExcecution" name="login1" time="0.003"/>
  <testcase classname="TestNG.GroupsExcecution" name="login2" time="0.004"/>
  <testcase classname="TestNG.GroupsExcecution" name="logout1" time="0.007"/>
  <testcase classname="TestNG.GroupsExcecution" name="logout2" time="0.0"/>
  <testcase classname="TestNG.Assertions" name="GetTitle" time="11.327"/>
  <testcase classname="TestNG.SoftAssertion" name="GetTitle" time="11.681"/>
  <testcase classname="TestNG.BeforeAfterAnotations" name="login" time="0.002"/>
  <testcase classname="TestNG.BeforeAfterAnotations" name="logout" time="0.0"/>
</testsuite> <!-- Test -->
